-------------------------------------------------------------------------------
Test set: geocoding.AddressResolverTest
-------------------------------------------------------------------------------
Tests run: 1, Failures: 1, Errors: 0, Skipped: 0, Time elapsed: 0.249 s <<< FAILURE! - in geocoding.AddressResolverTest
nullUrl_throwsNullPointerException  Time elapsed: 0.243 s  <<< FAILURE!
org.opentest4j.AssertionFailedError: Expected java.lang.NullPointerException to be thrown, but nothing was thrown.
	at geocoding.AddressResolverTest.nullUrl_throwsNullPointerException(AddressResolverTest.java:63)

